# JRE version: OpenJDK Runtime Environment (11.0.10) (build 11.0.10+0-b96-7249189)
# Java VM: OpenJDK 64-Bit Server VM (11.0.10+0-b96-7249189, mixed mode, tiered, compressed oops, g1 gc, windows-amd64)
Heap:
 garbage-first heap   total 346112K, used 158262K [0x0000000080000000, 0x0000000100000000)
  region size 1024K, 5 young (5120K), 5 survivors (5120K)
 Metaspace       used 143981K, capacity 148043K, committed 148188K, reserved 1177600K
  class space    used 17936K, capacity 19408K, committed 19504K, reserved 1048576K
GC Heap History (20 events):
Event: 2909.003 GC heap after
{Heap after GC invocations=70 (full 0):
 garbage-first heap   total 236544K, used 152114K [0x0000000080000000, 0x0000000100000000)
  region size 1024K, 1 young (1024K), 1 survivors (1024K)
 Metaspace       used 142780K, capacity 146773K, committed 147036K, reserved 1177600K
  class space    used 17870K, capacity 19316K, committed 19376K, reserved 1048576K
}
Event: 2909.275 GC heap before
{Heap before GC invocations=70 (full 0):
 garbage-first heap   total 236544K, used 179762K [0x0000000080000000, 0x0000000100000000)
  region size 1024K, 28 young (28672K), 1 survivors (1024K)
 Metaspace       used 142945K, capacity 146905K, committed 147036K, reserved 1177600K
  class space    used 17872K, capacity 19317K, committed 19376K, reserved 1048576K
}
Event: 2909.280 GC heap after
{Heap after GC invocations=71 (full 0):
 garbage-first heap   total 236544K, used 152746K [0x0000000080000000, 0x0000000100000000)
  region size 1024K, 2 young (2048K), 2 survivors (2048K)
 Metaspace       used 142945K, capacity 146905K, committed 147036K, reserved 1177600K
  class space    used 17872K, capacity 19317K, committed 19376K, reserved 1048576K
}
Event: 2909.596 GC heap before
{Heap before GC invocations=71 (full 0):
 garbage-first heap   total 236544K, used 182442K [0x0000000080000000, 0x0000000100000000)
  region size 1024K, 31 young (31744K), 2 survivors (2048K)
 Metaspace       used 143058K, capacity 147048K, committed 147292K, reserved 1177600K
  class space    used 17874K, capacity 19321K, committed 19376K, reserved 1048576K
}
Event: 2909.601 GC heap after
{Heap after GC invocations=72 (full 0):
 garbage-first heap   total 287744K, used 153287K [0x0000000080000000, 0x0000000100000000)
  region size 1024K, 2 young (2048K), 2 survivors (2048K)
 Metaspace       used 143058K, capacity 147048K, committed 147292K, reserved 1177600K
  class space    used 17874K, capacity 19321K, committed 19376K, reserved 1048576K
}
Event: 2910.130 GC heap before
{Heap before GC invocations=72 (full 0):
 garbage-first heap   total 287744K, used 205511K [0x0000000080000000, 0x0000000100000000)
  region size 1024K, 53 young (54272K), 2 survivors (2048K)
 Metaspace       used 143310K, capacity 147306K, committed 147548K, reserved 1177600K
  class space    used 17885K, capacity 19340K, committed 19376K, reserved 1048576K
}
Event: 2910.133 GC heap after
{Heap after GC invocations=73 (full 0):
 garbage-first heap   total 287744K, used 153427K [0x0000000080000000, 0x0000000100000000)
  region size 1024K, 2 young (2048K), 2 survivors (2048K)
 Metaspace       used 143310K, capacity 147306K, committed 147548K, reserved 1177600K
  class space    used 17885K, capacity 19340K, committed 19376K, reserved 1048576K
}
Event: 2910.430 GC heap before
{Heap before GC invocations=73 (full 0):
 garbage-first heap   total 287744K, used 210771K [0x0000000080000000, 0x0000000100000000)
  region size 1024K, 58 young (59392K), 2 survivors (2048K)
 Metaspace       used 143378K, capacity 147384K, committed 147548K, reserved 1177600K
  class space    used 17887K, capacity 19343K, committed 19376K, reserved 1048576K
}
Event: 2910.437 GC heap after
{Heap after GC invocations=74 (full 0):
 garbage-first heap   total 287744K, used 155967K [0x0000000080000000, 0x0000000100000000)
  region size 1024K, 5 young (5120K), 5 survivors (5120K)
 Metaspace       used 143378K, capacity 147384K, committed 147548K, reserved 1177600K
  class space    used 17887K, capacity 19343K, committed 19376K, reserved 1048576K
}
Event: 2910.811 GC heap before
{Heap before GC invocations=74 (full 0):
 garbage-first heap   total 287744K, used 215359K [0x0000000080000000, 0x0000000100000000)
  region size 1024K, 63 young (64512K), 5 survivors (5120K)
 Metaspace       used 143513K, capacity 147468K, committed 147548K, reserved 1177600K
  class space    used 17889K, capacity 19347K, committed 19376K, reserved 1048576K
}
Event: 2910.816 GC heap after
{Heap after GC invocations=75 (full 0):
 garbage-first heap   total 287744K, used 154869K [0x0000000080000000, 0x0000000100000000)
  region size 1024K, 3 young (3072K), 3 survivors (3072K)
 Metaspace       used 143513K, capacity 147468K, committed 147548K, reserved 1177600K
  class space    used 17889K, capacity 19347K, committed 19376K, reserved 1048576K
}
Event: 2911.180 GC heap before
{Heap before GC invocations=75 (full 0):
 garbage-first heap   total 287744K, used 218357K [0x0000000080000000, 0x0000000100000000)
  region size 1024K, 65 young (66560K), 3 survivors (3072K)
 Metaspace       used 143601K, capacity 147599K, committed 147804K, reserved 1177600K
  class space    used 17889K, capacity 19347K, committed 19376K, reserved 1048576K
}
Event: 2911.186 GC heap after
{Heap after GC invocations=76 (full 0):
 garbage-first heap   total 287744K, used 156616K [0x0000000080000000, 0x0000000100000000)
  region size 1024K, 4 young (4096K), 4 survivors (4096K)
 Metaspace       used 143601K, capacity 147599K, committed 147804K, reserved 1177600K
  class space    used 17889K, capacity 19347K, committed 19376K, reserved 1048576K
}
Event: 2911.500 GC heap before
{Heap before GC invocations=76 (full 0):
 garbage-first heap   total 287744K, used 224200K [0x0000000080000000, 0x0000000100000000)
  region size 1024K, 70 young (71680K), 4 survivors (4096K)
 Metaspace       used 143856K, capacity 147881K, committed 148188K, reserved 1177600K
  class space    used 17929K, capacity 19397K, committed 19504K, reserved 1048576K
}
Event: 2911.508 GC heap after
{Heap after GC invocations=77 (full 0):
 garbage-first heap   total 287744K, used 157389K [0x0000000080000000, 0x0000000100000000)
  region size 1024K, 5 young (5120K), 5 survivors (5120K)
 Metaspace       used 143856K, capacity 147881K, committed 148188K, reserved 1177600K
  class space    used 17929K, capacity 19397K, committed 19504K, reserved 1048576K
}
Event: 2911.830 GC heap before
{Heap before GC invocations=77 (full 0):
 garbage-first heap   total 287744K, used 227021K [0x0000000080000000, 0x0000000100000000)
  region size 1024K, 73 young (74752K), 5 survivors (5120K)
 Metaspace       used 143917K, capacity 147959K, committed 148188K, reserved 1177600K
  class space    used 17932K, capacity 19402K, committed 19504K, reserved 1048576K
}
Event: 2911.838 GC heap after
{Heap after GC invocations=78 (full 0):
 garbage-first heap   total 287744K, used 157969K [0x0000000080000000, 0x0000000100000000)
  region size 1024K, 6 young (6144K), 6 survivors (6144K)
 Metaspace       used 143917K, capacity 147959K, committed 148188K, reserved 1177600K
  class space    used 17932K, capacity 19402K, committed 19504K, reserved 1048576K
}
Event: 2912.144 GC heap before
{Heap before GC invocations=78 (full 0):
 garbage-first heap   total 287744K, used 229649K [0x0000000080000000, 0x0000000100000000)
  region size 1024K, 76 young (77824K), 6 survivors (6144K)
 Metaspace       used 143947K, capacity 147969K, committed 148188K, reserved 1177600K
  class space    used 17934K, capacity 19405K, committed 19504K, reserved 1048576K
}
Event: 2912.153 GC heap after
{Heap after GC invocations=79 (full 0):
 garbage-first heap   total 287744K, used 158708K [0x0000000080000000, 0x0000000100000000)
  region size 1024K, 6 young (6144K), 6 survivors (6144K)
 Metaspace       used 143947K, capacity 147969K, committed 148188K, reserved 1177600K
  class space    used 17934K, capacity 19405K, committed 19504K, reserved 1048576K
}
Event: 2912.470 GC heap before
{Heap before GC invocations=79 (full 0):
 garbage-first heap   total 287744K, used 233460K [0x0000000080000000, 0x0000000100000000)
  region size 1024K, 79 young (80896K), 6 survivors (6144K)
 Metaspace       used 143981K, capacity 148043K, committed 148188K, reserved 1177600K
  class space    used 17936K, capacity 19408K, committed 19504K, reserved 1048576K
}

