# JRE version: OpenJDK Runtime Environment (11.0.10) (build 11.0.10+0-b96-7249189)
# Java VM: OpenJDK 64-Bit Server VM (11.0.10+0-b96-7249189, mixed mode, tiered, compressed oops, g1 gc, windows-amd64)
Heap:
 garbage-first heap   total 481280K, used 202624K [0x0000000080000000, 0x0000000100000000)
  region size 1024K, 2 young (2048K), 2 survivors (2048K)
 Metaspace       used 100278K, capacity 103106K, committed 103288K, reserved 1138688K
  class space    used 12869K, capacity 13938K, committed 14028K, reserved 1048576K
GC Heap History (20 events):
Event: 28.924 GC heap after
{Heap after GC invocations=33 (full 0):
 garbage-first heap   total 236544K, used 107008K [0x0000000080000000, 0x0000000100000000)
  region size 1024K, 4 young (4096K), 4 survivors (4096K)
 Metaspace       used 98209K, capacity 100989K, committed 101624K, reserved 1136640K
  class space    used 12660K, capacity 13724K, committed 13900K, reserved 1048576K
}
Event: 28.982 GC heap before
{Heap before GC invocations=33 (full 0):
 garbage-first heap   total 236544K, used 113152K [0x0000000080000000, 0x0000000100000000)
  region size 1024K, 11 young (11264K), 4 survivors (4096K)
 Metaspace       used 98209K, capacity 100989K, committed 101624K, reserved 1136640K
  class space    used 12660K, capacity 13724K, committed 13900K, reserved 1048576K
}
Event: 28.992 GC heap after
{Heap after GC invocations=34 (full 0):
 garbage-first heap   total 236544K, used 106629K [0x0000000080000000, 0x0000000100000000)
  region size 1024K, 2 young (2048K), 2 survivors (2048K)
 Metaspace       used 98209K, capacity 100989K, committed 101624K, reserved 1136640K
  class space    used 12660K, capacity 13724K, committed 13900K, reserved 1048576K
}
Event: 29.644 GC heap before
{Heap before GC invocations=34 (full 0):
 garbage-first heap   total 236544K, used 190597K [0x0000000080000000, 0x0000000100000000)
  region size 1024K, 84 young (86016K), 2 survivors (2048K)
 Metaspace       used 98219K, capacity 100989K, committed 101624K, reserved 1136640K
  class space    used 12660K, capacity 13724K, committed 13900K, reserved 1048576K
}
Event: 29.648 GC heap after
{Heap after GC invocations=35 (full 0):
 garbage-first heap   total 236544K, used 106259K [0x0000000080000000, 0x0000000100000000)
  region size 1024K, 2 young (2048K), 2 survivors (2048K)
 Metaspace       used 98219K, capacity 100989K, committed 101624K, reserved 1136640K
  class space    used 12660K, capacity 13724K, committed 13900K, reserved 1048576K
}
Event: 30.891 GC heap before
{Heap before GC invocations=35 (full 0):
 garbage-first heap   total 236544K, used 194323K [0x0000000080000000, 0x0000000100000000)
  region size 1024K, 87 young (89088K), 2 survivors (2048K)
 Metaspace       used 98763K, capacity 101535K, committed 102008K, reserved 1136640K
  class space    used 12704K, capacity 13768K, committed 14028K, reserved 1048576K
}
Event: 30.896 GC heap after
{Heap after GC invocations=36 (full 0):
 garbage-first heap   total 236544K, used 106264K [0x0000000080000000, 0x0000000100000000)
  region size 1024K, 2 young (2048K), 2 survivors (2048K)
 Metaspace       used 98763K, capacity 101535K, committed 102008K, reserved 1136640K
  class space    used 12704K, capacity 13768K, committed 14028K, reserved 1048576K
}
Event: 30.967 GC heap before
{Heap before GC invocations=36 (full 0):
 garbage-first heap   total 236544K, used 108312K [0x0000000080000000, 0x0000000100000000)
  region size 1024K, 5 young (5120K), 2 survivors (2048K)
 Metaspace       used 98858K, capacity 101623K, committed 102008K, reserved 1136640K
  class space    used 12712K, capacity 13772K, committed 14028K, reserved 1048576K
}
Event: 30.974 GC heap after
{Heap after GC invocations=37 (full 0):
 garbage-first heap   total 236544K, used 106415K [0x0000000080000000, 0x0000000100000000)
  region size 1024K, 2 young (2048K), 2 survivors (2048K)
 Metaspace       used 98858K, capacity 101623K, committed 102008K, reserved 1136640K
  class space    used 12712K, capacity 13772K, committed 14028K, reserved 1048576K
}
Event: 32.651 GC heap before
{Heap before GC invocations=38 (full 0):
 garbage-first heap   total 236544K, used 230319K [0x0000000080000000, 0x0000000100000000)
  region size 1024K, 89 young (91136K), 2 survivors (2048K)
 Metaspace       used 99776K, capacity 102535K, committed 102776K, reserved 1138688K
  class space    used 12808K, capacity 13858K, committed 14028K, reserved 1048576K
}
Event: 32.725 GC heap after
{Heap after GC invocations=39 (full 0):
 garbage-first heap   total 267264K, used 164755K [0x0000000080000000, 0x0000000100000000)
  region size 1024K, 12 young (12288K), 12 survivors (12288K)
 Metaspace       used 99776K, capacity 102535K, committed 102776K, reserved 1138688K
  class space    used 12808K, capacity 13858K, committed 14028K, reserved 1048576K
}
Event: 32.743 GC heap before
{Heap before GC invocations=39 (full 0):
 garbage-first heap   total 267264K, used 165779K [0x0000000080000000, 0x0000000100000000)
  region size 1024K, 13 young (13312K), 12 survivors (12288K)
 Metaspace       used 99776K, capacity 102535K, committed 102776K, reserved 1138688K
  class space    used 12808K, capacity 13858K, committed 14028K, reserved 1048576K
}
Event: 32.775 GC heap after
{Heap after GC invocations=40 (full 0):
 garbage-first heap   total 348160K, used 153394K [0x0000000080000000, 0x0000000100000000)
  region size 1024K, 2 young (2048K), 2 survivors (2048K)
 Metaspace       used 99776K, capacity 102535K, committed 102776K, reserved 1138688K
  class space    used 12808K, capacity 13858K, committed 14028K, reserved 1048576K
}
Event: 33.649 GC heap before
{Heap before GC invocations=40 (full 0):
 garbage-first heap   total 348160K, used 259890K [0x0000000080000000, 0x0000000100000000)
  region size 1024K, 107 young (109568K), 2 survivors (2048K)
 Metaspace       used 100093K, capacity 102931K, committed 103032K, reserved 1138688K
  class space    used 12858K, capacity 13927K, committed 14028K, reserved 1048576K
}
Event: 33.706 GC heap after
{Heap after GC invocations=41 (full 0):
 garbage-first heap   total 348160K, used 198656K [0x0000000080000000, 0x0000000100000000)
  region size 1024K, 14 young (14336K), 14 survivors (14336K)
 Metaspace       used 100093K, capacity 102931K, committed 103032K, reserved 1138688K
  class space    used 12858K, capacity 13927K, committed 14028K, reserved 1048576K
}
Event: 34.293 GC heap before
{Heap before GC invocations=41 (full 0):
 garbage-first heap   total 348160K, used 248832K [0x0000000080000000, 0x0000000100000000)
  region size 1024K, 64 young (65536K), 14 survivors (14336K)
 Metaspace       used 100179K, capacity 103027K, committed 103288K, reserved 1138688K
  class space    used 12864K, capacity 13935K, committed 14028K, reserved 1048576K
}
Event: 34.326 GC heap after
{Heap after GC invocations=42 (full 0):
 garbage-first heap   total 348160K, used 206336K [0x0000000080000000, 0x0000000100000000)
  region size 1024K, 7 young (7168K), 7 survivors (7168K)
 Metaspace       used 100179K, capacity 103027K, committed 103288K, reserved 1138688K
  class space    used 12864K, capacity 13935K, committed 14028K, reserved 1048576K
}
Event: 35.641 GC heap before
{Heap before GC invocations=43 (full 0):
 garbage-first heap   total 348160K, used 265728K [0x0000000080000000, 0x0000000100000000)
  region size 1024K, 67 young (68608K), 7 survivors (7168K)
 Metaspace       used 100197K, capacity 103092K, committed 103288K, reserved 1138688K
  class space    used 12865K, capacity 13935K, committed 14028K, reserved 1048576K
}
Event: 35.670 GC heap after
{Heap after GC invocations=44 (full 0):
 garbage-first heap   total 348160K, used 208128K [0x0000000080000000, 0x0000000100000000)
  region size 1024K, 5 young (5120K), 5 survivors (5120K)
 Metaspace       used 100197K, capacity 103092K, committed 103288K, reserved 1138688K
  class space    used 12865K, capacity 13935K, committed 14028K, reserved 1048576K
}
Event: 36.138 GC heap before
{Heap before GC invocations=44 (full 0):
 garbage-first heap   total 348160K, used 224512K [0x0000000080000000, 0x0000000100000000)
  region size 1024K, 17 young (17408K), 5 survivors (5120K)
 Metaspace       used 100278K, capacity 103106K, committed 103288K, reserved 1138688K
  class space    used 12869K, capacity 13938K, committed 14028K, reserved 1048576K
}

